{
  "stats": {
    "suites": 1,
    "tests": 3,
    "passes": 3,
    "pending": 0,
    "failures": 0,
    "start": "2024-11-01T14:41:07.108Z",
    "end": "2024-11-01T14:41:11.856Z",
    "duration": 4748,
    "testsRegistered": 3,
    "passPercent": 100,
    "pendingPercent": 0,
    "other": 0,
    "hasOther": false,
    "skipped": 0,
    "hasSkipped": false
  },
  "results": [
    {
      "uuid": "b2d1ab3e-c474-4022-ba72-db8ef1f67270",
      "title": "",
      "fullFile": "cypress/e2e/env_variables/Inventory_page.cy.js",
      "file": "cypress/e2e/env_variables/Inventory_page.cy.js",
      "beforeHooks": [],
      "afterHooks": [],
      "tests": [],
      "suites": [
        {
          "uuid": "668ac08f-7a4e-4ed0-b184-e371e584c5b7",
          "title": "Inventory page",
          "fullFile": "",
          "file": "",
          "beforeHooks": [],
          "afterHooks": [],
          "tests": [
            {
              "title": "should contain UI elements",
              "fullTitle": "Inventory page should contain UI elements",
              "timedOut": null,
              "duration": 1349,
              "state": "passed",
              "speed": "fast",
              "pass": true,
              "fail": false,
              "pending": false,
              "context": null,
              "code": "expect(_Inventory.default.bmMenu).to.be.not.undefined;\nexpect(_Inventory.default.cart).to.be.not.undefined;\nexpect(_Inventory.default.container).to.be.not.undefined;\n_Inventory.default.sortContainer.find('option').should('have.length', 4);",
              "err": {},
              "uuid": "17d95715-c74e-4707-9dfa-930cf8cc5f87",
              "parentUUID": "668ac08f-7a4e-4ed0-b184-e371e584c5b7",
              "isHook": false,
              "skipped": false
            },
            {
              "title": "redirect to the cart",
              "fullTitle": "Inventory page redirect to the cart",
              "timedOut": null,
              "duration": 1005,
              "state": "passed",
              "speed": "fast",
              "pass": true,
              "fail": false,
              "pending": false,
              "context": null,
              "code": "_Inventory.default.clickCartButton(), cy.url().should(\"eq\", \"https://www.saucedemo.com/cart.html\");",
              "err": {},
              "uuid": "aaec5faa-0658-4233-8ebe-c4f85e879a11",
              "parentUUID": "668ac08f-7a4e-4ed0-b184-e371e584c5b7",
              "isHook": false,
              "skipped": false
            },
            {
              "title": "redirect to Item Page",
              "fullTitle": "Inventory page redirect to Item Page",
              "timedOut": null,
              "duration": 885,
              "state": "passed",
              "speed": "fast",
              "pass": true,
              "fail": false,
              "pending": false,
              "context": null,
              "code": "_Inventory.default.clickItem();\ncy.url().should(\"eq\", \"https://www.saucedemo.com/inventory-item.html?id=4\");",
              "err": {},
              "uuid": "508620b0-b03c-4d83-80be-af0f822fad51",
              "parentUUID": "668ac08f-7a4e-4ed0-b184-e371e584c5b7",
              "isHook": false,
              "skipped": false
            }
          ],
          "suites": [],
          "passes": [
            "17d95715-c74e-4707-9dfa-930cf8cc5f87",
            "aaec5faa-0658-4233-8ebe-c4f85e879a11",
            "508620b0-b03c-4d83-80be-af0f822fad51"
          ],
          "failures": [],
          "pending": [],
          "skipped": [],
          "duration": 3239,
          "root": false,
          "rootEmpty": false,
          "_timeout": 2000
        }
      ],
      "passes": [],
      "failures": [],
      "pending": [],
      "skipped": [],
      "duration": 0,
      "root": true,
      "rootEmpty": true,
      "_timeout": 2000
    }
  ],
  "meta": {
    "mocha": {
      "version": "7.0.1"
    },
    "mochawesome": {
      "options": {
        "quiet": false,
        "reportFilename": "mochawesome",
        "saveHtml": true,
        "saveJson": true,
        "consoleReporter": "spec",
        "useInlineDiffs": false,
        "code": true
      },
      "version": "7.1.3"
    },
    "marge": {
      "options": {
        "reportDir": "cypress/reports",
        "overwrite": false,
        "html": true,
        "json": true
      },
      "version": "6.2.0"
    }
  }
}